[0.447s] Invoking command in '/home/suraj/ros2_ws/src/turtle_controller': PYTHONPATH=/home/suraj/ros2_ws/src/turtle_controller/build/turtle_controller/prefix_override:/usr/lib/python3/dist-packages/colcon_core/task/python/colcon_distutils_commands:/home/suraj/ros2_ws/src/turtle_controller/install/turtle_controller/lib/python3.10/site-packages:${PYTHONPATH} /usr/bin/python3 -W ignore:setup.py install is deprecated -W ignore:easy_install command is deprecated setup.py egg_info --egg-base build/turtle_controller build --build-base /home/suraj/ros2_ws/src/turtle_controller/build/turtle_controller/build install --record /home/suraj/ros2_ws/src/turtle_controller/build/turtle_controller/install.log --single-version-externally-managed install_data
[0.603s] running egg_info
[0.603s] creating build/turtle_controller/turtle_controller.egg-info
[0.603s] writing build/turtle_controller/turtle_controller.egg-info/PKG-INFO
[0.603s] writing dependency_links to build/turtle_controller/turtle_controller.egg-info/dependency_links.txt
[0.604s] writing entry points to build/turtle_controller/turtle_controller.egg-info/entry_points.txt
[0.604s] writing requirements to build/turtle_controller/turtle_controller.egg-info/requires.txt
[0.604s] writing top-level names to build/turtle_controller/turtle_controller.egg-info/top_level.txt
[0.604s] writing manifest file 'build/turtle_controller/turtle_controller.egg-info/SOURCES.txt'
[0.605s] reading manifest file 'build/turtle_controller/turtle_controller.egg-info/SOURCES.txt'
[0.605s] writing manifest file 'build/turtle_controller/turtle_controller.egg-info/SOURCES.txt'
[0.605s] running build
[0.605s] running build_py
[0.605s] creating /home/suraj/ros2_ws/src/turtle_controller/build/turtle_controller/build
[0.605s] creating /home/suraj/ros2_ws/src/turtle_controller/build/turtle_controller/build/lib
[0.606s] creating /home/suraj/ros2_ws/src/turtle_controller/build/turtle_controller/build/lib/turtle_controller
[0.606s] copying turtle_controller/circle_publisher.py -> /home/suraj/ros2_ws/src/turtle_controller/build/turtle_controller/build/lib/turtle_controller
[0.606s] copying turtle_controller/__init__.py -> /home/suraj/ros2_ws/src/turtle_controller/build/turtle_controller/build/lib/turtle_controller
[0.606s] running install
[0.606s] running install_lib
[0.606s] creating /home/suraj/ros2_ws/src/turtle_controller/install/turtle_controller/lib/python3.10/site-packages/turtle_controller
[0.606s] copying /home/suraj/ros2_ws/src/turtle_controller/build/turtle_controller/build/lib/turtle_controller/circle_publisher.py -> /home/suraj/ros2_ws/src/turtle_controller/install/turtle_controller/lib/python3.10/site-packages/turtle_controller
[0.606s] copying /home/suraj/ros2_ws/src/turtle_controller/build/turtle_controller/build/lib/turtle_controller/__init__.py -> /home/suraj/ros2_ws/src/turtle_controller/install/turtle_controller/lib/python3.10/site-packages/turtle_controller
[0.606s] byte-compiling /home/suraj/ros2_ws/src/turtle_controller/install/turtle_controller/lib/python3.10/site-packages/turtle_controller/circle_publisher.py to circle_publisher.cpython-310.pyc
[0.606s] byte-compiling /home/suraj/ros2_ws/src/turtle_controller/install/turtle_controller/lib/python3.10/site-packages/turtle_controller/__init__.py to __init__.cpython-310.pyc
[0.607s] running install_data
[0.607s] creating /home/suraj/ros2_ws/src/turtle_controller/install/turtle_controller/share/ament_index
[0.607s] creating /home/suraj/ros2_ws/src/turtle_controller/install/turtle_controller/share/ament_index/resource_index
[0.607s] creating /home/suraj/ros2_ws/src/turtle_controller/install/turtle_controller/share/ament_index/resource_index/packages
[0.607s] copying resource/turtle_controller -> /home/suraj/ros2_ws/src/turtle_controller/install/turtle_controller/share/ament_index/resource_index/packages
[0.607s] copying package.xml -> /home/suraj/ros2_ws/src/turtle_controller/install/turtle_controller/share/turtle_controller
[0.607s] running install_egg_info
[0.608s] Copying build/turtle_controller/turtle_controller.egg-info to /home/suraj/ros2_ws/src/turtle_controller/install/turtle_controller/lib/python3.10/site-packages/turtle_controller-0.0.0-py3.10.egg-info
[0.608s] running install_scripts
[0.621s] Installing circle_publisher script to /home/suraj/ros2_ws/src/turtle_controller/install/turtle_controller/lib/turtle_controller
[0.621s] writing list of installed files to '/home/suraj/ros2_ws/src/turtle_controller/build/turtle_controller/install.log'
[0.634s] Invoked command in '/home/suraj/ros2_ws/src/turtle_controller' returned '0': PYTHONPATH=/home/suraj/ros2_ws/src/turtle_controller/build/turtle_controller/prefix_override:/usr/lib/python3/dist-packages/colcon_core/task/python/colcon_distutils_commands:/home/suraj/ros2_ws/src/turtle_controller/install/turtle_controller/lib/python3.10/site-packages:${PYTHONPATH} /usr/bin/python3 -W ignore:setup.py install is deprecated -W ignore:easy_install command is deprecated setup.py egg_info --egg-base build/turtle_controller build --build-base /home/suraj/ros2_ws/src/turtle_controller/build/turtle_controller/build install --record /home/suraj/ros2_ws/src/turtle_controller/build/turtle_controller/install.log --single-version-externally-managed install_data
